2023-06-23T07:44:58+00:00 CRITICAL Uncaught TypeError: implode(): Argument #2 ($array) must be of type ?array, string given in C:\MAMP\htdocs\chic_dressing\wp-content\plugins\wysija-newsletters\helpers\file.php:161
Stack trace:
#0 C:\MAMP\htdocs\chic_dressing\wp-content\plugins\wysija-newsletters\helpers\file.php(161): implode(Array, '|')
#1 C:\MAMP\htdocs\chic_dressing\wp-content\plugins\wysija-newsletters\core\base.php(820): WYSIJA_help_file->clear()
#2 C:\MAMP\htdocs\chic_dressing\wp-content\plugins\wysija-newsletters\helpers\cron.php(184): WYSIJA::croned_daily()
#3 C:\MAMP\htdocs\chic_dressing\wp-content\plugins\wysija-newsletters\helpers\cron.php(120): WYSIJA_help_cron->run_scheduled_task('daily')
#4 C:\MAMP\htdocs\chic_dressing\wp-content\plugins\wysija-newsletters\helpers\cron.php(56): WYSIJA_help_cron->check_scheduled_task(Array, 'daily')
#5 C:\MAMP\htdocs\chic_dressing\wp-content\plugins\wysija-newsletters\core\base.php(1525): WYSIJA_help_cron->run()
#6 C:\MAMP\htdocs\chic_dressing\wp-includes\class-wp-hook.php(308): init_wysija_cron('')
#7 C:\MAMP\htdocs\chic_dressing\wp-includes\class-wp-hook.php(332): WP_Hook->apply_filters(NULL, Array)
#8 C:\MAMP\htdocs\chic_dressing\wp-includes\plugin.php(517): WP_Hook->do_action(Array)
#9 C:\MAMP\htdocs\chic_dressing\wp-settings.php(623): do_action('init')
#10 C:\MAMP\htdocs\chic_dressing\wp-config.php(96): require_once('C:\\MAMP\\htdocs\\...')
#11 C:\MAMP\htdocs\chic_dressing\wp-load.php(50): require_once('C:\\MAMP\\htdocs\\...')
#12 C:\MAMP\htdocs\chic_dressing\wp-cron.php(46): require_once('C:\\MAMP\\htdocs\\...')
#13 {main}
  thrown dans C:\MAMP\htdocs\chic_dressing\wp-content\plugins\wysija-newsletters\helpers\file.php à la ligne 161

2023-06-23T13:35:30+00:00 CRITICAL Cannot redeclare wp_deregister_script() (previously declared in C:\MAMP\htdocs\chic_dressing\wp-includes\functions.wp-scripts.php:265) dans C:\MAMP\htdocs\chic_dressing\wp-content\themes\chicdressing\functions.php à la ligne 64

2023-06-23T13:37:23+00:00 CRITICAL Cannot redeclare wp_deregister_script() (previously declared in C:\MAMP\htdocs\chic_dressing\wp-includes\functions.wp-scripts.php:265) dans C:\MAMP\htdocs\chic_dressing\wp-content\themes\chicdressing\functions.php à la ligne 64

2023-06-23T13:41:26+00:00 CRITICAL Cannot redeclare wp_deregister_script() (previously declared in C:\MAMP\htdocs\chic_dressing\wp-includes\functions.wp-scripts.php:265) dans C:\MAMP\htdocs\chic_dressing\wp-content\themes\chicdressing\functions.php à la ligne 64

2023-06-23T13:41:26+00:00 CRITICAL Cannot redeclare wp_deregister_script() (previously declared in C:\MAMP\htdocs\chic_dressing\wp-includes\functions.wp-scripts.php:265) dans C:\MAMP\htdocs\chic_dressing\wp-content\themes\chicdressing\functions.php à la ligne 64

