Jun 23 2023 07:44:52
{"Number":8192,"Message":"rtrim(): Passing null to parameter #1 ($string) of type string is deprecated","File":"C:\\MAMP\\htdocs\\chic_dressing\\wp-includes\\formatting.php","Line":2809}

Jun 23 2023 07:44:52
{"Number":8192,"Message":"rtrim(): Passing null to parameter #1 ($string) of type string is deprecated","File":"C:\\MAMP\\htdocs\\chic_dressing\\wp-includes\\formatting.php","Line":2809}

Jun 23 2023 07:44:52
{"Number":8192,"Message":"rtrim(): Passing null to parameter #1 ($string) of type string is deprecated","File":"C:\\MAMP\\htdocs\\chic_dressing\\wp-includes\\formatting.php","Line":2809}

Jun 23 2023 07:44:52
{"Number":8192,"Message":"rtrim(): Passing null to parameter #1 ($string) of type string is deprecated","File":"C:\\MAMP\\htdocs\\chic_dressing\\wp-includes\\formatting.php","Line":2809}

Jun 23 2023 07:44:52
{"Number":8192,"Message":"rtrim(): Passing null to parameter #1 ($string) of type string is deprecated","File":"C:\\MAMP\\htdocs\\chic_dressing\\wp-includes\\formatting.php","Line":2809}

Jun 23 2023 07:44:52
{"Number":8192,"Message":"rtrim(): Passing null to parameter #1 ($string) of type string is deprecated","File":"C:\\MAMP\\htdocs\\chic_dressing\\wp-includes\\formatting.php","Line":2809}

Jun 23 2023 07:44:52
{"Number":8192,"Message":"rtrim(): Passing null to parameter #1 ($string) of type string is deprecated","File":"C:\\MAMP\\htdocs\\chic_dressing\\wp-includes\\formatting.php","Line":2809}

Jun 23 2023 07:44:52
{"Number":8192,"Message":"rtrim(): Passing null to parameter #1 ($string) of type string is deprecated","File":"C:\\MAMP\\htdocs\\chic_dressing\\wp-includes\\formatting.php","Line":2809}

Jun 23 2023 07:44:52
{"Number":8192,"Message":"rtrim(): Passing null to parameter #1 ($string) of type string is deprecated","File":"C:\\MAMP\\htdocs\\chic_dressing\\wp-includes\\formatting.php","Line":2809}

Jun 23 2023 07:44:52
{"Number":8192,"Message":"rtrim(): Passing null to parameter #1 ($string) of type string is deprecated","File":"C:\\MAMP\\htdocs\\chic_dressing\\wp-includes\\formatting.php","Line":2809}

Jun 23 2023 07:44:52
{"Number":8192,"Message":"rtrim(): Passing null to parameter #1 ($string) of type string is deprecated","File":"C:\\MAMP\\htdocs\\chic_dressing\\wp-includes\\formatting.php","Line":2809}

Jun 23 2023 07:44:52
{"Number":8192,"Message":"rtrim(): Passing null to parameter #1 ($string) of type string is deprecated","File":"C:\\MAMP\\htdocs\\chic_dressing\\wp-includes\\formatting.php","Line":2809}

Jun 23 2023 07:44:52
{"Number":8192,"Message":"rtrim(): Passing null to parameter #1 ($string) of type string is deprecated","File":"C:\\MAMP\\htdocs\\chic_dressing\\wp-includes\\formatting.php","Line":2809}

Jun 23 2023 07:44:52
{"Number":8192,"Message":"rtrim(): Passing null to parameter #1 ($string) of type string is deprecated","File":"C:\\MAMP\\htdocs\\chic_dressing\\wp-includes\\formatting.php","Line":2809}

Jun 23 2023 07:44:52
{"Number":8192,"Message":"rtrim(): Passing null to parameter #1 ($string) of type string is deprecated","File":"C:\\MAMP\\htdocs\\chic_dressing\\wp-includes\\formatting.php","Line":2809}

Jun 23 2023 07:44:52
{"Number":8192,"Message":"rtrim(): Passing null to parameter #1 ($string) of type string is deprecated","File":"C:\\MAMP\\htdocs\\chic_dressing\\wp-includes\\formatting.php","Line":2809}

Jun 23 2023 07:44:52
{"Number":8192,"Message":"rtrim(): Passing null to parameter #1 ($string) of type string is deprecated","File":"C:\\MAMP\\htdocs\\chic_dressing\\wp-includes\\formatting.php","Line":2809}

Jun 23 2023 07:44:52
{"Number":8192,"Message":"rtrim(): Passing null to parameter #1 ($string) of type string is deprecated","File":"C:\\MAMP\\htdocs\\chic_dressing\\wp-includes\\formatting.php","Line":2809}

Jun 23 2023 07:44:52
{"Number":8192,"Message":"rtrim(): Passing null to parameter #1 ($string) of type string is deprecated","File":"C:\\MAMP\\htdocs\\chic_dressing\\wp-includes\\formatting.php","Line":2809}

Jun 23 2023 07:44:52
{"Number":8192,"Message":"rtrim(): Passing null to parameter #1 ($string) of type string is deprecated","File":"C:\\MAMP\\htdocs\\chic_dressing\\wp-includes\\formatting.php","Line":2809}

Jun 23 2023 07:44:52
{"Number":8192,"Message":"rtrim(): Passing null to parameter #1 ($string) of type string is deprecated","File":"C:\\MAMP\\htdocs\\chic_dressing\\wp-includes\\formatting.php","Line":2809}

Jun 23 2023 07:44:52
{"Number":8192,"Message":"rtrim(): Passing null to parameter #1 ($string) of type string is deprecated","File":"C:\\MAMP\\htdocs\\chic_dressing\\wp-includes\\formatting.php","Line":2809}

Jun 23 2023 07:44:52
{"Number":8192,"Message":"rtrim(): Passing null to parameter #1 ($string) of type string is deprecated","File":"C:\\MAMP\\htdocs\\chic_dressing\\wp-includes\\formatting.php","Line":2809}

Jun 23 2023 07:44:52
{"Number":8192,"Message":"rtrim(): Passing null to parameter #1 ($string) of type string is deprecated","File":"C:\\MAMP\\htdocs\\chic_dressing\\wp-includes\\formatting.php","Line":2809}

Jun 23 2023 07:44:52
{"Number":8192,"Message":"rtrim(): Passing null to parameter #1 ($string) of type string is deprecated","File":"C:\\MAMP\\htdocs\\chic_dressing\\wp-includes\\formatting.php","Line":2809}

Jun 23 2023 07:44:52
{"Number":8192,"Message":"rtrim(): Passing null to parameter #1 ($string) of type string is deprecated","File":"C:\\MAMP\\htdocs\\chic_dressing\\wp-includes\\formatting.php","Line":2809}

Jun 23 2023 07:44:52
{"Number":8192,"Message":"rtrim(): Passing null to parameter #1 ($string) of type string is deprecated","File":"C:\\MAMP\\htdocs\\chic_dressing\\wp-includes\\formatting.php","Line":2809}

Jun 23 2023 07:44:52
{"Number":8192,"Message":"rtrim(): Passing null to parameter #1 ($string) of type string is deprecated","File":"C:\\MAMP\\htdocs\\chic_dressing\\wp-includes\\formatting.php","Line":2809}

Jun 23 2023 07:44:52
{"Number":8192,"Message":"rtrim(): Passing null to parameter #1 ($string) of type string is deprecated","File":"C:\\MAMP\\htdocs\\chic_dressing\\wp-includes\\formatting.php","Line":2809}

Jun 23 2023 07:44:52
{"Number":8192,"Message":"rtrim(): Passing null to parameter #1 ($string) of type string is deprecated","File":"C:\\MAMP\\htdocs\\chic_dressing\\wp-includes\\formatting.php","Line":2809}

Jun 23 2023 07:44:59
{"Number":8192,"Message":"Return type of ActionScheduler_DateTime::setTimezone($timezone) should either be compatible with DateTime::setTimezone(DateTimeZone $timezone): DateTime, or the #[\\ReturnTypeWillChange] attribute should be used to temporarily suppress the notice","File":"C:\\MAMP\\htdocs\\chic_dressing\\wp-content\\plugins\\woocommerce\\packages\\action-scheduler\\classes\\ActionScheduler_DateTime.php","Line":60}

Jun 23 2023 07:44:59
{"Number":8192,"Message":"Return type of ActionScheduler_DateTime::getOffset() should either be compatible with DateTime::getOffset(): int, or the #[\\ReturnTypeWillChange] attribute should be used to temporarily suppress the notice","File":"C:\\MAMP\\htdocs\\chic_dressing\\wp-content\\plugins\\woocommerce\\packages\\action-scheduler\\classes\\ActionScheduler_DateTime.php","Line":48}

Jun 23 2023 07:44:59
{"Number":8192,"Message":"Return type of ActionScheduler_DateTime::getTimestamp() should either be compatible with DateTime::getTimestamp(): int, or the #[\\ReturnTypeWillChange] attribute should be used to temporarily suppress the notice","File":"C:\\MAMP\\htdocs\\chic_dressing\\wp-content\\plugins\\woocommerce\\packages\\action-scheduler\\classes\\ActionScheduler_DateTime.php","Line":27}

Jun 23 2023 07:44:59
{"Number":8192,"Message":"DateTime::__construct(): Passing null to parameter #1 ($datetime) of type string is deprecated","File":"C:\\MAMP\\htdocs\\chic_dressing\\wp-content\\plugins\\woocommerce\\packages\\action-scheduler\\functions.php","Line":316}

Jun 23 2023 07:44:59
{"type":8192,"message":"Return type of SkyVerge\\WooCommerce\\PluginFramework\\v5_10_0\\SV_WC_DateTime::getTimestamp() should either be compatible with DateTime::getTimestamp(): int, or the #[\\ReturnTypeWillChange] attribute should be used to temporarily suppress the notice","file":"C:\\MAMP\\htdocs\\chic_dressing\\wp-content\\plugins\\facebook-for-woocommerce\\vendor\\skyverge\\wc-plugin-framework\\woocommerce\\compatibility\\class-sv-wc-datetime.php","line":85}

Jun 23 2023 07:45:00
{"Number":8192,"Message":"Return type of ActionScheduler_DateTime::setTimezone($timezone) should either be compatible with DateTime::setTimezone(DateTimeZone $timezone): DateTime, or the #[\\ReturnTypeWillChange] attribute should be used to temporarily suppress the notice","File":"C:\\MAMP\\htdocs\\chic_dressing\\wp-content\\plugins\\woocommerce\\packages\\action-scheduler\\classes\\ActionScheduler_DateTime.php","Line":60}

Jun 23 2023 07:45:00
{"Number":8192,"Message":"Return type of ActionScheduler_DateTime::getOffset() should either be compatible with DateTime::getOffset(): int, or the #[\\ReturnTypeWillChange] attribute should be used to temporarily suppress the notice","File":"C:\\MAMP\\htdocs\\chic_dressing\\wp-content\\plugins\\woocommerce\\packages\\action-scheduler\\classes\\ActionScheduler_DateTime.php","Line":48}

Jun 23 2023 07:45:00
{"Number":8192,"Message":"Return type of ActionScheduler_DateTime::getTimestamp() should either be compatible with DateTime::getTimestamp(): int, or the #[\\ReturnTypeWillChange] attribute should be used to temporarily suppress the notice","File":"C:\\MAMP\\htdocs\\chic_dressing\\wp-content\\plugins\\woocommerce\\packages\\action-scheduler\\classes\\ActionScheduler_DateTime.php","Line":27}

Jun 23 2023 07:45:00
{"Number":8192,"Message":"DateTime::__construct(): Passing null to parameter #1 ($datetime) of type string is deprecated","File":"C:\\MAMP\\htdocs\\chic_dressing\\wp-content\\plugins\\woocommerce\\packages\\action-scheduler\\functions.php","Line":316}

Jun 23 2023 07:45:00
{"type":8192,"message":"Return type of SkyVerge\\WooCommerce\\PluginFramework\\v5_10_0\\SV_WC_DateTime::getTimestamp() should either be compatible with DateTime::getTimestamp(): int, or the #[\\ReturnTypeWillChange] attribute should be used to temporarily suppress the notice","file":"C:\\MAMP\\htdocs\\chic_dressing\\wp-content\\plugins\\facebook-for-woocommerce\\vendor\\skyverge\\wc-plugin-framework\\woocommerce\\compatibility\\class-sv-wc-datetime.php","line":85}

